This file contains any messages produced by compilers while
running configure, to aid debugging if configure makes a mistake.

It was created by TwitCrusader configure 1.0, which was
generated by GNU Autoconf 2.68.  Invocation command line was

  $ /Development/WorkSpace/TwitCrusader/configure --enable-maintainer-mode

## --------- ##
## Platform. ##
## --------- ##

hostname = arch.darkstar.host
uname -m = x86_64
uname -r = 3.0-ARCH
uname -s = Linux
uname -v = #1 SMP PREEMPT Wed Oct 19 10:27:51 CEST 2011

/usr/bin/uname -p = unknown
/bin/uname -X     = unknown

/bin/arch              = x86_64
/usr/bin/arch -k       = unknown
/usr/convex/getsysinfo = unknown
/usr/bin/hostinfo      = unknown
/bin/machine           = unknown
/usr/bin/oslevel       = unknown
/bin/universe          = unknown

PATH: /Development/android-ndk-r6b
PATH: /opt/java/bin
PATH: /usr/local/bin
PATH: /usr/bin
PATH: /bin
PATH: /usr/local/sbin
PATH: /usr/sbin
PATH: /sbin
PATH: /opt/java/bin
PATH: /opt/java/db/bin
PATH: /opt/java/jre/bin
PATH: /usr/bin/vendor_perl
PATH: /usr/bin/core_perl


## ----------- ##
## Core tests. ##
## ----------- ##

configure:2304: checking for a BSD-compatible install
configure:2372: result: /bin/install -c
configure:2383: checking whether build environment is sane
configure:2433: result: yes
configure:2574: checking for a thread-safe mkdir -p
configure:2613: result: /bin/mkdir -p
configure:2626: checking for gawk
configure:2642: found /usr/bin/gawk
configure:2653: result: gawk
configure:2664: checking whether make sets $(MAKE)
configure:2686: result: yes
configure:2760: checking whether to enable maintainer-specific portions of Makefiles
configure:2769: result: yes
configure:2831: checking for gcc
configure:2847: found /usr/bin/gcc
configure:2858: result: gcc
configure:3087: checking for C compiler version
configure:3096: gcc --version >&5
gcc (GCC) 4.6.2
Copyright (C) 2011 Free Software Foundation, Inc.
This is free software; see the source for copying conditions.  There is NO
warranty; not even for MERCHANTABILITY or FITNESS FOR A PARTICULAR PURPOSE.

configure:3107: $? = 0
configure:3096: gcc -v >&5
Using built-in specs.
COLLECT_GCC=gcc
COLLECT_LTO_WRAPPER=/usr/lib/gcc/x86_64-unknown-linux-gnu/4.6.2/lto-wrapper
Target: x86_64-unknown-linux-gnu
Configured with: /build/src/gcc-4.6.2/configure --prefix=/usr --libdir=/usr/lib --libexecdir=/usr/lib --mandir=/usr/share/man --infodir=/usr/share/info --with-bugurl=https://bugs.archlinux.org/ --enable-languages=c,c++,ada,fortran,go,lto,objc,obj-c++ --enable-shared --enable-threads=posix --with-system-zlib --enable-__cxa_atexit --disable-libunwind-exceptions --enable-clocale=gnu --enable-gnu-unique-object --enable-linker-build-id --with-ppl --enable-cloog-backend=isl --enable-lto --enable-gold --enable-ld=default --enable-plugin --with-plugin-ld=ld.gold --disable-multilib --disable-libssp --disable-libstdcxx-pch --enable-checking=release
Thread model: posix
gcc version 4.6.2 (GCC) 
configure:3107: $? = 0
configure:3096: gcc -V >&5
gcc: error: unrecognized option '-V'
gcc: fatal error: no input files
compilation terminated.
configure:3107: $? = 1
configure:3096: gcc -qversion >&5
gcc: error: unrecognized option '-qversion'
gcc: fatal error: no input files
compilation terminated.
configure:3107: $? = 1
configure:3127: checking whether the C compiler works
configure:3149: gcc    conftest.c  >&5
configure:3153: $? = 0
configure:3201: result: yes
configure:3204: checking for C compiler default output file name
configure:3206: result: a.out
configure:3212: checking for suffix of executables
configure:3219: gcc -o conftest    conftest.c  >&5
configure:3223: $? = 0
configure:3245: result: 
configure:3267: checking whether we are cross compiling
configure:3275: gcc -o conftest    conftest.c  >&5
configure:3279: $? = 0
configure:3286: ./conftest
configure:3290: $? = 0
configure:3305: result: no
configure:3310: checking for suffix of object files
configure:3332: gcc -c   conftest.c >&5
configure:3336: $? = 0
configure:3357: result: o
configure:3361: checking whether we are using the GNU C compiler
configure:3380: gcc -c   conftest.c >&5
configure:3380: $? = 0
configure:3389: result: yes
configure:3398: checking whether gcc accepts -g
configure:3418: gcc -c -g  conftest.c >&5
configure:3418: $? = 0
configure:3459: result: yes
configure:3476: checking for gcc option to accept ISO C89
configure:3540: gcc  -c -g -O2  conftest.c >&5
configure:3540: $? = 0
configure:3553: result: none needed
configure:3584: checking for style of include used by make
configure:3612: result: GNU
configure:3637: checking dependency style of gcc
configure:3747: result: gcc3
configure:3821: checking for g++
configure:3837: found /usr/bin/g++
configure:3848: result: g++
configure:3875: checking for C++ compiler version
configure:3884: g++ --version >&5
g++ (GCC) 4.6.2
Copyright (C) 2011 Free Software Foundation, Inc.
This is free software; see the source for copying conditions.  There is NO
warranty; not even for MERCHANTABILITY or FITNESS FOR A PARTICULAR PURPOSE.

configure:3895: $? = 0
configure:3884: g++ -v >&5
Using built-in specs.
COLLECT_GCC=g++
COLLECT_LTO_WRAPPER=/usr/lib/gcc/x86_64-unknown-linux-gnu/4.6.2/lto-wrapper
Target: x86_64-unknown-linux-gnu
Configured with: /build/src/gcc-4.6.2/configure --prefix=/usr --libdir=/usr/lib --libexecdir=/usr/lib --mandir=/usr/share/man --infodir=/usr/share/info --with-bugurl=https://bugs.archlinux.org/ --enable-languages=c,c++,ada,fortran,go,lto,objc,obj-c++ --enable-shared --enable-threads=posix --with-system-zlib --enable-__cxa_atexit --disable-libunwind-exceptions --enable-clocale=gnu --enable-gnu-unique-object --enable-linker-build-id --with-ppl --enable-cloog-backend=isl --enable-lto --enable-gold --enable-ld=default --enable-plugin --with-plugin-ld=ld.gold --disable-multilib --disable-libssp --disable-libstdcxx-pch --enable-checking=release
Thread model: posix
gcc version 4.6.2 (GCC) 
configure:3895: $? = 0
configure:3884: g++ -V >&5
g++: error: unrecognized option '-V'
g++: fatal error: no input files
compilation terminated.
configure:3895: $? = 1
configure:3884: g++ -qversion >&5
g++: error: unrecognized option '-qversion'
g++: fatal error: no input files
compilation terminated.
configure:3895: $? = 1
configure:3899: checking whether we are using the GNU C++ compiler
configure:3918: g++ -c   conftest.cpp >&5
configure:3918: $? = 0
configure:3927: result: yes
configure:3936: checking whether g++ accepts -g
configure:3956: g++ -c -g  conftest.cpp >&5
configure:3956: $? = 0
configure:3997: result: yes
configure:4022: checking dependency style of g++
configure:4132: result: gcc3
configure:4149: checking whether NLS is requested
configure:4158: result: yes
configure:4174: checking for intltool >= 0.35.0
configure:4181: result: 0.41.1 found
configure:4189: checking for intltool-update
configure:4207: found /usr/bin/intltool-update
configure:4219: result: /usr/bin/intltool-update
configure:4229: checking for intltool-merge
configure:4247: found /usr/bin/intltool-merge
configure:4259: result: /usr/bin/intltool-merge
configure:4269: checking for intltool-extract
configure:4287: found /usr/bin/intltool-extract
configure:4299: result: /usr/bin/intltool-extract
configure:4430: checking for xgettext
configure:4448: found /usr/bin/xgettext
configure:4460: result: /usr/bin/xgettext
configure:4470: checking for msgmerge
configure:4488: found /usr/bin/msgmerge
configure:4500: result: /usr/bin/msgmerge
configure:4510: checking for msgfmt
configure:4528: found /usr/bin/msgfmt
configure:4540: result: /usr/bin/msgfmt
configure:4550: checking for gmsgfmt
configure:4581: result: /usr/bin/msgfmt
configure:4601: checking for perl
configure:4619: found /usr/bin/perl
configure:4631: result: /usr/bin/perl
configure:4642: checking for perl >= 5.8.1
configure:4649: result: 5.14.2
configure:4653: checking for XML::Parser
configure:4656: result: ok
configure:4681: gcc -o conftest -g -O2   conftest.c  >&5
configure:4681: $? = 0
configure:4721: checking how to run the C preprocessor
configure:4752: gcc -E  conftest.c
configure:4752: $? = 0
configure:4766: gcc -E  conftest.c
conftest.c:10:28: fatal error: ac_nonexistent.h: No such file or directory
compilation terminated.
configure:4766: $? = 1
configure: failed program was:
| /* confdefs.h */
| #define PACKAGE_NAME "TwitCrusader"
| #define PACKAGE_TARNAME "twitcrusader"
| #define PACKAGE_VERSION "1.0"
| #define PACKAGE_STRING "TwitCrusader 1.0"
| #define PACKAGE_BUGREPORT "BUG: ptkdev@gmail.com"
| #define PACKAGE_URL ""
| #define GETTEXT_PACKAGE "twc"
| /* end confdefs.h.  */
| #include <ac_nonexistent.h>
configure:4791: result: gcc -E
configure:4811: gcc -E  conftest.c
configure:4811: $? = 0
configure:4825: gcc -E  conftest.c
conftest.c:10:28: fatal error: ac_nonexistent.h: No such file or directory
compilation terminated.
configure:4825: $? = 1
configure: failed program was:
| /* confdefs.h */
| #define PACKAGE_NAME "TwitCrusader"
| #define PACKAGE_TARNAME "twitcrusader"
| #define PACKAGE_VERSION "1.0"
| #define PACKAGE_STRING "TwitCrusader 1.0"
| #define PACKAGE_BUGREPORT "BUG: ptkdev@gmail.com"
| #define PACKAGE_URL ""
| #define GETTEXT_PACKAGE "twc"
| /* end confdefs.h.  */
| #include <ac_nonexistent.h>
configure:4854: checking for grep that handles long lines and -e
configure:4912: result: /bin/grep
configure:4917: checking for egrep
configure:4979: result: /bin/grep -E
configure:4984: checking for ANSI C header files
configure:5004: gcc -c -g -O2  conftest.c >&5
configure:5004: $? = 0
configure:5077: gcc -o conftest -g -O2   conftest.c  >&5
configure:5077: $? = 0
configure:5077: ./conftest
configure:5077: $? = 0
configure:5088: result: yes
configure:5101: checking for sys/types.h
configure:5101: gcc -c -g -O2  conftest.c >&5
configure:5101: $? = 0
configure:5101: result: yes
configure:5101: checking for sys/stat.h
configure:5101: gcc -c -g -O2  conftest.c >&5
configure:5101: $? = 0
configure:5101: result: yes
configure:5101: checking for stdlib.h
configure:5101: gcc -c -g -O2  conftest.c >&5
configure:5101: $? = 0
configure:5101: result: yes
configure:5101: checking for string.h
configure:5101: gcc -c -g -O2  conftest.c >&5
configure:5101: $? = 0
configure:5101: result: yes
configure:5101: checking for memory.h
configure:5101: gcc -c -g -O2  conftest.c >&5
configure:5101: $? = 0
configure:5101: result: yes
configure:5101: checking for strings.h
configure:5101: gcc -c -g -O2  conftest.c >&5
configure:5101: $? = 0
configure:5101: result: yes
configure:5101: checking for inttypes.h
configure:5101: gcc -c -g -O2  conftest.c >&5
configure:5101: $? = 0
configure:5101: result: yes
configure:5101: checking for stdint.h
configure:5101: gcc -c -g -O2  conftest.c >&5
configure:5101: $? = 0
configure:5101: result: yes
configure:5101: checking for unistd.h
configure:5101: gcc -c -g -O2  conftest.c >&5
configure:5101: $? = 0
configure:5101: result: yes
configure:5116: checking locale.h usability
configure:5116: gcc -c -g -O2  conftest.c >&5
configure:5116: $? = 0
configure:5116: result: yes
configure:5116: checking locale.h presence
configure:5116: gcc -E  conftest.c
configure:5116: $? = 0
configure:5116: result: yes
configure:5116: checking for locale.h
configure:5116: result: yes
configure:5127: checking for LC_MESSAGES
configure:5143: gcc -o conftest -g -O2   conftest.c  >&5
configure:5143: $? = 0
configure:5151: result: yes
configure:5168: checking libintl.h usability
configure:5168: gcc -c -g -O2  conftest.c >&5
configure:5168: $? = 0
configure:5168: result: yes
configure:5168: checking libintl.h presence
configure:5168: gcc -E  conftest.c
configure:5168: $? = 0
configure:5168: result: yes
configure:5168: checking for libintl.h
configure:5168: result: yes
configure:5176: checking for ngettext in libc
configure:5194: gcc -o conftest -g -O2   conftest.c  >&5
configure:5194: $? = 0
configure:5203: result: yes
configure:5207: checking for dgettext in libc
configure:5225: gcc -o conftest -g -O2   conftest.c  >&5
configure:5225: $? = 0
configure:5234: result: yes
configure:5241: checking for bind_textdomain_codeset
configure:5241: gcc -o conftest -g -O2   conftest.c  >&5
configure:5241: $? = 0
configure:5241: result: yes
configure:5517: checking for msgfmt
configure:5544: result: /usr/bin/msgfmt
configure:5555: checking for dcgettext
configure:5555: gcc -o conftest -g -O2   conftest.c   >&5
conftest.c:47:6: warning: conflicting types for built-in function 'dcgettext' [enabled by default]
configure:5555: $? = 0
configure:5555: result: yes
configure:5565: checking if msgfmt accepts -c
configure:5580: $MSGFMT -c -o /dev/null conftest.foo
configure:5583: $? = 0
configure:5585: result: yes
configure:5595: checking for gmsgfmt
configure:5626: result: /usr/bin/msgfmt
configure:5636: checking for xgettext
configure:5663: result: /usr/bin/xgettext
configure:5682: gcc -o conftest -g -O2   conftest.c   >&5
configure:5682: $? = 0
configure:5880: checking for pkg-config
configure:5898: found /usr/bin/pkg-config
configure:5910: result: /usr/bin/pkg-config
configure:5935: checking pkg-config is at least version 0.9.0
configure:5938: result: yes
configure:5948: checking for GTK_FOOBAR
configure:5955: $PKG_CONFIG --exists --print-errors "libcurl libxml-2.0 oauth gtk+-2.0"
configure:5958: $? = 0
configure:5972: $PKG_CONFIG --exists --print-errors "libcurl libxml-2.0 oauth gtk+-2.0"
configure:5975: $? = 0
configure:6033: result: yes
configure:6040: checking for libnotify
configure:6047: $PKG_CONFIG --exists --print-errors "libnotify >= 0.7.3"
configure:6050: $? = 0
configure:6064: $PKG_CONFIG --exists --print-errors "libnotify >= 0.7.3"
configure:6067: $? = 0
configure:6117: result: yes
configure:6269: creating ./config.status

## ---------------------- ##
## Running config.status. ##
## ---------------------- ##

This file was extended by TwitCrusader config.status 1.0, which was
generated by GNU Autoconf 2.68.  Invocation command line was

  CONFIG_FILES    = 
  CONFIG_HEADERS  = 
  CONFIG_LINKS    = 
  CONFIG_COMMANDS = 
  $ ./config.status 

on arch.darkstar.host

config.status:952: creating Makefile
config.status:952: creating src/Makefile
config.status:952: creating po/Makefile.in
config.status:952: creating share/icons/Makefile
config.status:952: creating share/applications/Makefile
config.status:952: creating config.h
config.status:1181: executing depfiles commands
config.status:1181: executing default-1 commands
config.status:1181: executing po/stamp-it commands

## ---------------- ##
## Cache variables. ##
## ---------------- ##

ac_cv_c_compiler_gnu=yes
ac_cv_cxx_compiler_gnu=yes
ac_cv_env_CCC_set=
ac_cv_env_CCC_value=
ac_cv_env_CC_set=
ac_cv_env_CC_value=
ac_cv_env_CFLAGS_set=
ac_cv_env_CFLAGS_value=
ac_cv_env_CPPFLAGS_set=
ac_cv_env_CPPFLAGS_value=
ac_cv_env_CPP_set=
ac_cv_env_CPP_value=
ac_cv_env_CXXFLAGS_set=
ac_cv_env_CXXFLAGS_value=
ac_cv_env_CXX_set=
ac_cv_env_CXX_value=
ac_cv_env_GTK_FOOBAR_CFLAGS_set=
ac_cv_env_GTK_FOOBAR_CFLAGS_value=
ac_cv_env_GTK_FOOBAR_LIBS_set=
ac_cv_env_GTK_FOOBAR_LIBS_value=
ac_cv_env_LDFLAGS_set=
ac_cv_env_LDFLAGS_value=
ac_cv_env_LIBS_set=
ac_cv_env_LIBS_value=
ac_cv_env_PKG_CONFIG_LIBDIR_set=
ac_cv_env_PKG_CONFIG_LIBDIR_value=
ac_cv_env_PKG_CONFIG_PATH_set=
ac_cv_env_PKG_CONFIG_PATH_value=
ac_cv_env_PKG_CONFIG_set=
ac_cv_env_PKG_CONFIG_value=
ac_cv_env_build_alias_set=
ac_cv_env_build_alias_value=
ac_cv_env_host_alias_set=
ac_cv_env_host_alias_value=
ac_cv_env_libnotify_CFLAGS_set=
ac_cv_env_libnotify_CFLAGS_value=
ac_cv_env_libnotify_LIBS_set=
ac_cv_env_libnotify_LIBS_value=
ac_cv_env_target_alias_set=
ac_cv_env_target_alias_value=
ac_cv_func_bind_textdomain_codeset=yes
ac_cv_func_dcgettext=yes
ac_cv_header_inttypes_h=yes
ac_cv_header_libintl_h=yes
ac_cv_header_locale_h=yes
ac_cv_header_memory_h=yes
ac_cv_header_stdc=yes
ac_cv_header_stdint_h=yes
ac_cv_header_stdlib_h=yes
ac_cv_header_string_h=yes
ac_cv_header_strings_h=yes
ac_cv_header_sys_stat_h=yes
ac_cv_header_sys_types_h=yes
ac_cv_header_unistd_h=yes
ac_cv_objext=o
ac_cv_path_EGREP='/bin/grep -E'
ac_cv_path_GMSGFMT=/usr/bin/msgfmt
ac_cv_path_GREP=/bin/grep
ac_cv_path_INTLTOOL_EXTRACT=/usr/bin/intltool-extract
ac_cv_path_INTLTOOL_MERGE=/usr/bin/intltool-merge
ac_cv_path_INTLTOOL_PERL=/usr/bin/perl
ac_cv_path_INTLTOOL_UPDATE=/usr/bin/intltool-update
ac_cv_path_MSGFMT=/usr/bin/msgfmt
ac_cv_path_MSGMERGE=/usr/bin/msgmerge
ac_cv_path_XGETTEXT=/usr/bin/xgettext
ac_cv_path_ac_pt_PKG_CONFIG=/usr/bin/pkg-config
ac_cv_path_install='/bin/install -c'
ac_cv_path_mkdir=/bin/mkdir
ac_cv_prog_AWK=gawk
ac_cv_prog_CPP='gcc -E'
ac_cv_prog_ac_ct_CC=gcc
ac_cv_prog_ac_ct_CXX=g++
ac_cv_prog_cc_c89=
ac_cv_prog_cc_g=yes
ac_cv_prog_cxx_g=yes
ac_cv_prog_make_make_set=yes
am_cv_CC_dependencies_compiler_type=gcc3
am_cv_CXX_dependencies_compiler_type=gcc3
am_cv_val_LC_MESSAGES=yes
gt_cv_func_dgettext_libc=yes
gt_cv_func_dgettext_libintl=no
gt_cv_func_ngettext_libc=yes
gt_cv_have_gettext=yes
pkg_cv_GTK_FOOBAR_CFLAGS='-pthread -I/usr/include/libxml2 -I/usr/include/gtk-2.0 -I/usr/lib/gtk-2.0/include -I/usr/include/atk-1.0 -I/usr/include/cairo -I/usr/include/gdk-pixbuf-2.0 -I/usr/include/pango-1.0 -I/usr/include/glib-2.0 -I/usr/lib/glib-2.0/include -I/usr/include/pixman-1 -I/usr/include/freetype2 -I/usr/include/libpng14  '
pkg_cv_GTK_FOOBAR_LIBS='-pthread -lcurl -lxml2 -loauth -lgtk-x11-2.0 -lgdk-x11-2.0 -latk-1.0 -lgio-2.0 -lpangoft2-1.0 -lpangocairo-1.0 -lgdk_pixbuf-2.0 -lcairo -lpango-1.0 -lfreetype -lfontconfig -lgobject-2.0 -lgmodule-2.0 -lgthread-2.0 -lrt -lglib-2.0  '
pkg_cv_libnotify_CFLAGS='-pthread -I/usr/include/gdk-pixbuf-2.0 -I/usr/include/glib-2.0 -I/usr/lib/glib-2.0/include -I/usr/include/libpng14  '
pkg_cv_libnotify_LIBS='-pthread -lnotify -lgdk_pixbuf-2.0 -lgio-2.0 -lgobject-2.0 -lgmodule-2.0 -lgthread-2.0 -lrt -lglib-2.0  '

## ----------------- ##
## Output variables. ##
## ----------------- ##

ACLOCAL='${SHELL} /Development/WorkSpace/TwitCrusader/missing --run aclocal-1.11'
ALL_LINGUAS=''
AMDEPBACKSLASH='\'
AMDEP_FALSE='#'
AMDEP_TRUE=''
AMTAR='${SHELL} /Development/WorkSpace/TwitCrusader/missing --run tar'
AM_BACKSLASH='\'
AM_DEFAULT_VERBOSITY='1'
AUTOCONF='${SHELL} /Development/WorkSpace/TwitCrusader/missing --run autoconf'
AUTOHEADER='${SHELL} /Development/WorkSpace/TwitCrusader/missing --run autoheader'
AUTOMAKE='${SHELL} /Development/WorkSpace/TwitCrusader/missing --run automake-1.11'
AWK='gawk'
CATALOGS=''
CATOBJEXT='.gmo'
CC='gcc'
CCDEPMODE='depmode=gcc3'
CFLAGS='-g -O2'
CPP='gcc -E'
CPPFLAGS=''
CXX='g++'
CXXDEPMODE='depmode=gcc3'
CXXFLAGS='-g -O2'
CYGPATH_W='echo'
DATADIRNAME='share'
DEFS='-DHAVE_CONFIG_H'
DEPDIR='.deps'
ECHO_C=''
ECHO_N='-n'
ECHO_T=''
EGREP='/bin/grep -E'
EXEEXT=''
GETTEXT_PACKAGE='twc'
GMOFILES=''
GMSGFMT='/usr/bin/msgfmt'
GREP='/bin/grep'
GTK_FOOBAR_CFLAGS='-pthread -I/usr/include/libxml2 -I/usr/include/gtk-2.0 -I/usr/lib/gtk-2.0/include -I/usr/include/atk-1.0 -I/usr/include/cairo -I/usr/include/gdk-pixbuf-2.0 -I/usr/include/pango-1.0 -I/usr/include/glib-2.0 -I/usr/lib/glib-2.0/include -I/usr/include/pixman-1 -I/usr/include/freetype2 -I/usr/include/libpng14  '
GTK_FOOBAR_LIBS='-pthread -lcurl -lxml2 -loauth -lgtk-x11-2.0 -lgdk-x11-2.0 -latk-1.0 -lgio-2.0 -lpangoft2-1.0 -lpangocairo-1.0 -lgdk_pixbuf-2.0 -lcairo -lpango-1.0 -lfreetype -lfontconfig -lgobject-2.0 -lgmodule-2.0 -lgthread-2.0 -lrt -lglib-2.0  '
INSTALL_DATA='${INSTALL} -m 644'
INSTALL_PROGRAM='${INSTALL}'
INSTALL_SCRIPT='${INSTALL}'
INSTALL_STRIP_PROGRAM='$(install_sh) -c -s'
INSTOBJEXT='.mo'
INTLLIBS=''
INTLTOOL_CAVES_RULE='%.caves:     %.caves.in     $(INTLTOOL_MERGE) $(wildcard $(top_srcdir)/po/*.po) ; LC_ALL=C $(INTLTOOL_MERGE) -d -u -c $(top_builddir)/po/.intltool-merge-cache $(top_srcdir)/po $< $@'
INTLTOOL_DESKTOP_RULE='%.desktop:   %.desktop.in   $(INTLTOOL_MERGE) $(wildcard $(top_srcdir)/po/*.po) ; LC_ALL=C $(INTLTOOL_MERGE) -d -u -c $(top_builddir)/po/.intltool-merge-cache $(top_srcdir)/po $< $@'
INTLTOOL_DIRECTORY_RULE='%.directory: %.directory.in $(INTLTOOL_MERGE) $(wildcard $(top_srcdir)/po/*.po) ; LC_ALL=C $(INTLTOOL_MERGE) -d -u -c $(top_builddir)/po/.intltool-merge-cache $(top_srcdir)/po $< $@'
INTLTOOL_EXTRACT='/usr/bin/intltool-extract'
INTLTOOL_KBD_RULE='%.kbd:       %.kbd.in       $(INTLTOOL_MERGE) $(wildcard $(top_srcdir)/po/*.po) ; LC_ALL=C $(INTLTOOL_MERGE) -x -u -m -c $(top_builddir)/po/.intltool-merge-cache $(top_srcdir)/po $< $@'
INTLTOOL_KEYS_RULE='%.keys:      %.keys.in      $(INTLTOOL_MERGE) $(wildcard $(top_srcdir)/po/*.po) ; LC_ALL=C $(INTLTOOL_MERGE) -k -u -c $(top_builddir)/po/.intltool-merge-cache $(top_srcdir)/po $< $@'
INTLTOOL_MERGE='/usr/bin/intltool-merge'
INTLTOOL_OAF_RULE='%.oaf:       %.oaf.in       $(INTLTOOL_MERGE) $(wildcard $(top_srcdir)/po/*.po) ; LC_ALL=C $(INTLTOOL_MERGE) -o -p $(top_srcdir)/po $< $@'
INTLTOOL_PERL='/usr/bin/perl'
INTLTOOL_POLICY_RULE='%.policy:    %.policy.in    $(INTLTOOL_MERGE) $(wildcard $(top_srcdir)/po/*.po) ; LC_ALL=C $(INTLTOOL_MERGE) -x -u -c $(top_builddir)/po/.intltool-merge-cache $(top_srcdir)/po $< $@'
INTLTOOL_PONG_RULE='%.pong:      %.pong.in      $(INTLTOOL_MERGE) $(wildcard $(top_srcdir)/po/*.po) ; LC_ALL=C $(INTLTOOL_MERGE) -x -u -c $(top_builddir)/po/.intltool-merge-cache $(top_srcdir)/po $< $@'
INTLTOOL_PROP_RULE='%.prop:      %.prop.in      $(INTLTOOL_MERGE) $(wildcard $(top_srcdir)/po/*.po) ; LC_ALL=C $(INTLTOOL_MERGE) -d -u -c $(top_builddir)/po/.intltool-merge-cache $(top_srcdir)/po $< $@'
INTLTOOL_SCHEMAS_RULE='%.schemas:   %.schemas.in   $(INTLTOOL_MERGE) $(wildcard $(top_srcdir)/po/*.po) ; LC_ALL=C $(INTLTOOL_MERGE) -s -u -c $(top_builddir)/po/.intltool-merge-cache $(top_srcdir)/po $< $@'
INTLTOOL_SERVER_RULE='%.server:    %.server.in    $(INTLTOOL_MERGE) $(wildcard $(top_srcdir)/po/*.po) ; LC_ALL=C $(INTLTOOL_MERGE) -o -u -c $(top_builddir)/po/.intltool-merge-cache $(top_srcdir)/po $< $@'
INTLTOOL_SERVICE_RULE='%.service: %.service.in   $(INTLTOOL_MERGE) $(wildcard $(top_srcdir)/po/*.po) ; LC_ALL=C $(INTLTOOL_MERGE) -d -u -c $(top_builddir)/po/.intltool-merge-cache $(top_srcdir)/po $< $@'
INTLTOOL_SHEET_RULE='%.sheet:     %.sheet.in     $(INTLTOOL_MERGE) $(wildcard $(top_srcdir)/po/*.po) ; LC_ALL=C $(INTLTOOL_MERGE) -x -u -c $(top_builddir)/po/.intltool-merge-cache $(top_srcdir)/po $< $@'
INTLTOOL_SOUNDLIST_RULE='%.soundlist: %.soundlist.in $(INTLTOOL_MERGE) $(wildcard $(top_srcdir)/po/*.po) ; LC_ALL=C $(INTLTOOL_MERGE) -d -u -c $(top_builddir)/po/.intltool-merge-cache $(top_srcdir)/po $< $@'
INTLTOOL_THEME_RULE='%.theme:     %.theme.in     $(INTLTOOL_MERGE) $(wildcard $(top_srcdir)/po/*.po) ; LC_ALL=C $(INTLTOOL_MERGE) -d -u -c $(top_builddir)/po/.intltool-merge-cache $(top_srcdir)/po $< $@'
INTLTOOL_UI_RULE='%.ui:        %.ui.in        $(INTLTOOL_MERGE) $(wildcard $(top_srcdir)/po/*.po) ; LC_ALL=C $(INTLTOOL_MERGE) -x -u -c $(top_builddir)/po/.intltool-merge-cache $(top_srcdir)/po $< $@'
INTLTOOL_UPDATE='/usr/bin/intltool-update'
INTLTOOL_XAM_RULE='%.xam:       %.xml.in       $(INTLTOOL_MERGE) $(wildcard $(top_srcdir)/po/*.po) ; LC_ALL=C $(INTLTOOL_MERGE) -x -u -c $(top_builddir)/po/.intltool-merge-cache $(top_srcdir)/po $< $@'
INTLTOOL_XML_NOMERGE_RULE='%.xml:       %.xml.in       $(INTLTOOL_MERGE) ; LC_ALL=C $(INTLTOOL_MERGE) -x -u /tmp $< $@'
INTLTOOL_XML_RULE='%.xml:       %.xml.in       $(INTLTOOL_MERGE) $(wildcard $(top_srcdir)/po/*.po) ; LC_ALL=C $(INTLTOOL_MERGE) -x -u -c $(top_builddir)/po/.intltool-merge-cache $(top_srcdir)/po $< $@'
LDFLAGS=''
LIBOBJS=''
LIBS=''
LTLIBOBJS=''
MAINT=''
MAINTAINER_MODE_FALSE='#'
MAINTAINER_MODE_TRUE=''
MAKEINFO='${SHELL} /Development/WorkSpace/TwitCrusader/missing --run makeinfo'
MKDIR_P='/bin/mkdir -p'
MKINSTALLDIRS='./mkinstalldirs'
MSGFMT='/usr/bin/msgfmt'
MSGFMT_OPTS='-c'
MSGMERGE='/usr/bin/msgmerge'
OBJEXT='o'
PACKAGE=''
PACKAGE_BUGREPORT='BUG: ptkdev@gmail.com'
PACKAGE_LOCALE_DIR='${datarootdir}/locale'
PACKAGE_NAME='TwitCrusader'
PACKAGE_STRING='TwitCrusader 1.0'
PACKAGE_TARNAME='twitcrusader'
PACKAGE_URL=''
PACKAGE_VERSION='1.0'
PATH_SEPARATOR=':'
PKG_CONFIG='/usr/bin/pkg-config'
PKG_CONFIG_LIBDIR=''
PKG_CONFIG_PATH=''
POFILES=''
POSUB='po'
PO_IN_DATADIR_FALSE=''
PO_IN_DATADIR_TRUE=''
SET_MAKE=''
SHELL='/bin/sh'
STRIP=''
USE_NLS='yes'
VERSION='TwitCrusader'
XGETTEXT='/usr/bin/xgettext'
ac_ct_CC='gcc'
ac_ct_CXX='g++'
am__EXEEXT_FALSE=''
am__EXEEXT_TRUE='#'
am__fastdepCC_FALSE='#'
am__fastdepCC_TRUE=''
am__fastdepCXX_FALSE='#'
am__fastdepCXX_TRUE=''
am__include='include'
am__isrc=''
am__leading_dot='.'
am__quote=''
am__tar='${AMTAR} chof - "$$tardir"'
am__untar='${AMTAR} xf -'
bindir='${exec_prefix}/bin'
build_alias=''
datadir='${datarootdir}'
datarootdir='${prefix}/share'
docdir='${datarootdir}/doc/${PACKAGE_TARNAME}'
dvidir='${docdir}'
exec_prefix='${prefix}'
host_alias=''
htmldir='${docdir}'
includedir='${prefix}/include'
infodir='${datarootdir}/info'
install_sh='${SHELL} /Development/WorkSpace/TwitCrusader/install-sh'
libdir='${exec_prefix}/lib'
libexecdir='${exec_prefix}/libexec'
libnotify_CFLAGS='-pthread -I/usr/include/gdk-pixbuf-2.0 -I/usr/include/glib-2.0 -I/usr/lib/glib-2.0/include -I/usr/include/libpng14  '
libnotify_LIBS='-pthread -lnotify -lgdk_pixbuf-2.0 -lgio-2.0 -lgobject-2.0 -lgmodule-2.0 -lgthread-2.0 -lrt -lglib-2.0  '
localedir='${datarootdir}/locale'
localstatedir='${prefix}/var'
mandir='${datarootdir}/man'
mkdir_p='/bin/mkdir -p'
oldincludedir='/usr/include'
pdfdir='${docdir}'
prefix='/usr/local'
program_transform_name='s,x,x,'
psdir='${docdir}'
sbindir='${exec_prefix}/sbin'
sharedstatedir='${prefix}/com'
sysconfdir='${prefix}/etc'
target_alias=''

## ----------- ##
## confdefs.h. ##
## ----------- ##

/* confdefs.h */
#define PACKAGE_NAME "TwitCrusader"
#define PACKAGE_TARNAME "twitcrusader"
#define PACKAGE_VERSION "1.0"
#define PACKAGE_STRING "TwitCrusader 1.0"
#define PACKAGE_BUGREPORT "BUG: ptkdev@gmail.com"
#define PACKAGE_URL ""
#define GETTEXT_PACKAGE "twc"
#define STDC_HEADERS 1
#define HAVE_SYS_TYPES_H 1
#define HAVE_SYS_STAT_H 1
#define HAVE_STDLIB_H 1
#define HAVE_STRING_H 1
#define HAVE_MEMORY_H 1
#define HAVE_STRINGS_H 1
#define HAVE_INTTYPES_H 1
#define HAVE_STDINT_H 1
#define HAVE_UNISTD_H 1
#define HAVE_LOCALE_H 1
#define HAVE_LC_MESSAGES 1
#define HAVE_BIND_TEXTDOMAIN_CODESET 1
#define HAVE_GETTEXT 1
#define HAVE_DCGETTEXT 1
#define ENABLE_NLS 1

configure: exit 0

## ---------------------- ##
## Running config.status. ##
## ---------------------- ##

This file was extended by TwitCrusader config.status 1.0, which was
generated by GNU Autoconf 2.68.  Invocation command line was

  CONFIG_FILES    = 
  CONFIG_HEADERS  = 
  CONFIG_LINKS    = 
  CONFIG_COMMANDS = 
  $ ./config.status config.h

on arch.darkstar.host

config.status:952: creating config.h
config.status:1133: config.h is unchanged
